Apr-08 15:13:22.145 [main] DEBUG nextflow.cli.Launcher - $> /home/arnav/anaconda3/bin/nextflow run main.nf
Apr-08 15:13:22.224 [main] INFO  nextflow.cli.CmdRun - N E X T F L O W  ~  version 18.10.1
Apr-08 15:13:22.230 [main] INFO  nextflow.cli.CmdRun - Launching `main.nf` [voluminous_kalman] - revision: 69d0b6e46c
Apr-08 15:13:22.242 [main] DEBUG nextflow.config.ConfigBuilder - Found config local: /home/arnav/git_workspace/Nextflow_test/nextflow.config
Apr-08 15:13:22.242 [main] DEBUG nextflow.config.ConfigBuilder - Parsing config file: /home/arnav/git_workspace/Nextflow_test/nextflow.config
Apr-08 15:13:22.265 [main] DEBUG nextflow.config.ConfigBuilder - Applying config profile: `standard`
Apr-08 15:13:22.586 [main] DEBUG nextflow.Session - Session uuid: b957653c-9c50-47e7-9382-57ef1fdffa28
Apr-08 15:13:22.586 [main] DEBUG nextflow.Session - Run name: voluminous_kalman
Apr-08 15:13:22.587 [main] DEBUG nextflow.Session - Executor pool size: 8
Apr-08 15:13:22.594 [main] DEBUG nextflow.cli.CmdRun - 
  Version: 18.10.1 build 5003
  Modified: 24-10-2018 14:03 UTC (19:33 IDT)
  System: Linux 5.13.0-39-generic
  Runtime: Groovy 2.5.3 on OpenJDK 64-Bit Server VM 1.8.0_152-release-1056-b12
  Encoding: UTF-8 (UTF-8)
  Process: 35514@arnav-Lenovo-V14-G2-ITL-Ua [127.0.1.1]
  CPUs: 8 - Mem: 15.4 GB (7.4 GB) - Swap: 2 GB (2 GB)
Apr-08 15:13:22.614 [main] DEBUG nextflow.Session - Work-dir: /home/arnav/git_workspace/Nextflow_test/work [ext2/ext3]
Apr-08 15:13:22.615 [main] DEBUG nextflow.Session - Script base path does not exist or is not a directory: /home/arnav/git_workspace/Nextflow_test/bin
Apr-08 15:13:22.672 [main] DEBUG nextflow.Session - Session start invoked
Apr-08 15:13:22.675 [main] DEBUG nextflow.processor.TaskDispatcher - Dispatcher > start
Apr-08 15:13:22.676 [main] DEBUG nextflow.script.ScriptRunner - > Script parsing
Apr-08 15:13:22.845 [main] DEBUG nextflow.script.ScriptRunner - > Launching execution
Apr-08 15:13:23.022 [main] DEBUG nextflow.processor.ProcessFactory - << taskConfig executor: null
Apr-08 15:13:23.022 [main] DEBUG nextflow.processor.ProcessFactory - >> processorType: 'local'
Apr-08 15:13:23.026 [main] DEBUG nextflow.executor.Executor - Initializing executor: local
Apr-08 15:13:23.028 [main] INFO  nextflow.executor.Executor - [warm up] executor > local
Apr-08 15:13:23.031 [main] DEBUG n.processor.LocalPollingMonitor - Creating local task monitor for executor 'local' > cpus=8; memory=15.4 GB; capacity=8; pollInterval=100ms; dumpInterval=5m
Apr-08 15:13:23.035 [main] DEBUG nextflow.processor.TaskDispatcher - Starting monitor: LocalPollingMonitor
Apr-08 15:13:23.035 [main] DEBUG n.processor.TaskPollingMonitor - >>> barrier register (monitor: local)
Apr-08 15:13:23.037 [main] DEBUG nextflow.executor.Executor - Invoke register for executor: local
Apr-08 15:13:23.097 [main] DEBUG nextflow.Session - >>> barrier register (process: runBlast)
Apr-08 15:13:23.102 [main] DEBUG nextflow.processor.TaskProcessor - Creating operator > runBlast -- maxForks: 8
Apr-08 15:13:23.143 [main] DEBUG nextflow.script.ScriptRunner - > Await termination 
Apr-08 15:13:23.144 [main] DEBUG nextflow.Session - Session await
Apr-08 15:13:23.228 [Task submitter] DEBUG nextflow.executor.LocalTaskHandler - Launch cmd line: /bin/bash -ue .command.run
Apr-08 15:13:23.231 [Task submitter] INFO  nextflow.Session - [32/ddae05] Submitted process > runBlast
Apr-08 15:13:23.288 [Task monitor] DEBUG n.processor.TaskPollingMonitor - Task completed > TaskHandler[id: 1; name: runBlast; status: COMPLETED; exit: 0; error: -; workDir: /home/arnav/git_workspace/Nextflow_test/work/32/ddae05725763f6899588b441e5b048]
Apr-08 15:13:23.297 [Actor Thread 2] DEBUG nextflow.Session - <<< barrier arrive (process: runBlast)
Apr-08 15:13:23.297 [main] DEBUG nextflow.Session - Session await > all process finished
Apr-08 15:13:23.298 [Task monitor] DEBUG n.processor.TaskPollingMonitor - <<< barrier arrives (monitor: local)
Apr-08 15:13:23.298 [main] DEBUG nextflow.Session - Session await > all barriers passed
Apr-08 15:13:23.303 [main] DEBUG nextflow.trace.StatsObserver - Workflow completed > WorkflowStats[succeedCount=1; failedCount=0; ignoredCount=0; cachedCount=0; succeedDuration=42ms; failedDuration=0ms; cachedDuration=0ms]
Apr-08 15:13:23.363 [main] DEBUG nextflow.CacheDB - Closing CacheDB done
Apr-08 15:13:23.373 [main] DEBUG nextflow.script.ScriptRunner - > Execution complete -- Goodbye
